#"Progress (%)"	"Step"	"Time (ps)"	"Potential Energy (kJ/mole)"	"Kinetic Energy (kJ/mole)"	"Total Energy (kJ/mole)"	"Temperature (K)"	"Box Volume (nm^3)"	"Density (g/mL)"	"Speed (ns/day)"	"Time Remaining"
0.9%	50	0.10000000000000007	-463236.19030449056	469.4524849669833	-462766.73781952355	32.627654404876644	17.944891643069777	0.9631855279654584	0	--
1.8%	100	0.20000000000000015	-462885.7239455166	869.1243688864633	-462016.59957663016	60.405451991330786	17.9500251830398	0.9629100658780275	347	0:02
2.7%	150	0.3000000000000002	-462556.8805273861	1199.006679048296	-461357.8738483378	83.33276914250018	18.102667756364514	0.9547907614575938	379	0:02
3.6%	200	0.4000000000000003	-462297.0938373643	1531.8665907253744	-460765.2272466389	106.46703408137103	17.974649006824393	0.9615909565160817	395	0:02
4.5%	250	0.5000000000000003	-462033.9194149417	1844.3522827583365	-460189.56713218335	128.18526008423748	18.007214266097964	0.9598519613360763	402	0:02
5.5%	300	0.6000000000000004	-461833.6846701798	2097.474139986094	-459736.2105301937	145.77761020360822	18.118928830250844	0.9539338717781043	404	0:02
6.4%	350	0.7000000000000005	-461564.8008811173	2239.822037363425	-459324.97884375387	155.67100335758212	18.118928830250844	0.9539338717781043	407	0:02
7.3%	400	0.8000000000000006	-461345.4624591106	2526.1875907119247	-458819.2748683987	175.57384040140613	18.079158015779576	0.9560323504240253	410	0:02
8.2%	450	0.9000000000000007	-461153.6274981731	2682.2024861532263	-458471.42501201987	186.41711049471445	18.079158015779576	0.9560323504240253	407	0:02
9.1%	500	1.0000000000000007	-460927.8952122542	2860.16111275414	-458067.73409950006	198.7855029370496	17.970646815273128	0.9618051096982961	393	0:02
10.0%	550	1.1000000000000008	-460665.9924756305	2964.196173451841	-457701.79630217864	206.01609626679559	17.995498766705733	0.9604768478821758	383	0:02
10.9%	600	1.2000000000000008	-460622.80865390284	3120.4888531256	-457502.31980077724	216.87867278242774	18.075362318282185	0.9562331104163304	385	0:02
11.8%	650	1.300000000000001	-460443.31129852333	3213.439724185504	-457229.8715743378	223.33889824654068	18.07906625829672	0.9560372026172056	393	0:02
12.7%	700	1.400000000000001	-460223.26596982015	3300.542393758893	-456922.72357606125	229.39266490363394	18.036738858885123	0.9582807660930714	400	0:02
13.6%	750	1.500000000000001	-460023.3341863229	3378.2059671343304	-456645.1282191886	234.79040016563766	18.071707433525663	0.9564265023153414	406	0:02
14.5%	800	1.6000000000000012	-459929.4691869894	3453.924178175628	-456475.5450088138	240.0529298169286	18.142908062741164	0.9526730704769759	406	0:02
15.5%	850	1.7000000000000013	-459786.98178535036	3387.3174350915942	-456399.66435025877	235.42366090479769	18.037606312595933	0.9582346810309994	409	0:01
16.4%	900	1.8000000000000014	-459682.82931218494	3552.086950347293	-456130.74236183765	246.87539025414833	18.059320223337803	0.9570825323301428	413	0:01
17.3%	950	1.9000000000000015	-459505.10866395704	3608.7771442839876	-455896.33151967305	250.81544407246392	18.07639047402642	0.9561787214293965	417	0:01
18.2%	1000	2.0000000000000013	-459579.44460145704	3751.402627380681	-455828.04197407636	260.72812985180275	18.07639047402642	0.9561787214293965	413	0:01
19.1%	1050	2.0999999999999903	-459435.1554221231	3780.023419480305	-455655.1320026428	262.71731798760743	18.178086438975765	0.9508294500379204	410	0:01
20.0%	1100	2.1999999999999793	-459421.19015739154	3924.0943708373234	-455497.0957865542	272.73046598700336	18.050113376938707	0.9575707127466536	413	0:01
20.9%	1150	2.2999999999999683	-459238.06711051654	3817.1071337261237	-455420.9599767904	265.2946919524015	18.050113376938707	0.9575707127466536	416	0:01
21.8%	1200	2.3999999999999573	-459108.311745658	3855.981899214443	-455252.32984644355	267.996546674744	18.25072836278949	0.9470449391353131	417	0:01
22.7%	1250	2.4999999999999463	-459063.8357191916	3958.649960710667	-455105.1857584809	275.1321315021479	18.2397608698843	0.9476143933471836	419	0:01
23.6%	1300	2.5999999999999353	-459040.4958754416	4006.2321462174878	-455034.2637292241	278.4391650236649	18.2397608698843	0.9476143933471836	419	0:01
24.5%	1350	2.6999999999999242	-458918.1392253356	3977.878052411601	-454940.261172924	276.46851282075454	18.419439930302957	0.9383705474712999	419	0:01
25.5%	1400	2.7999999999999132	-458991.3950626334	4048.6019021142274	-454942.79316051916	281.38392684064627	18.236519501684867	0.9477828228087174	419	0:01
26.4%	1450	2.899999999999902	-458893.2583438834	3976.244648829539	-454917.0136950539	276.35498881292455	18.236519501684867	0.9477828228087174	419	0:01
27.3%	1500	2.999999999999891	-458871.1919376334	4080.4778884951957	-454790.7140491382	283.5993558792761	18.236519501684867	0.9477828228087174	416	0:01
28.2%	1550	3.09999999999988	-458716.57035560213	4094.822995723516	-454621.7473598786	284.596362426338	18.236519501684867	0.9477828228087174	413	0:01
29.1%	1600	3.199999999999869	-458699.90559155424	4104.309524063952	-454595.5960674903	285.2556904267331	18.31577256763581	0.9436817293775859	411	0:01
30.0%	1650	3.299999999999858	-458743.025587685	4192.706941862591	-454550.3186458224	291.3994440345563	18.243840186650036	0.9474025070752864	412	0:01
30.9%	1700	3.399999999999847	-458740.48018790485	4361.024800738785	-454379.45538716606	303.09778860710134	18.30869001425846	0.9440467842348335	414	0:01
31.8%	1750	3.499999999999836	-458679.1600213131	4326.1637524124235	-454352.9962689007	300.67489326964403	18.37759705186275	0.9405070686192445	417	0:01
32.7%	1800	3.599999999999825	-458501.40757990687	4328.726769930217	-454172.68080997665	300.8530268454203	18.37759705186275	0.9405070686192445	418	0:01
33.6%	1850	3.699999999999814	-458378.3158934283	4236.457473322749	-454141.85842010553	294.4401718317734	18.365767356492313	0.9411128648214696	413	0:01
34.5%	1900	3.799999999999803	-458405.7098397205	4254.993017281406	-454150.7168224391	295.7284200397512	18.517230749948563	0.9334149455129039	413	0:01
35.5%	1950	3.899999999999792	-458373.85431365814	4364.1652731595095	-454009.68904049863	303.3160561679145	18.57460264072129	0.93053188086084	413	0:01
36.4%	2000	3.999999999999781	-458255.15347378555	4156.613540477527	-454098.539933308	288.890898304372	18.620026741093643	0.9282618210943516	412	0:01
37.3%	2050	4.0999999999997705	-458259.53549713455	4166.091175070498	-454093.44432206405	289.54960817592996	18.598610182268384	0.9293307275181047	411	0:01
38.2%	2100	4.1999999999997595	-458279.0127357934	4374.725918496959	-453904.28681729647	304.0500369165456	18.500872526637302	0.9342402584865913	411	0:01
39.1%	2150	4.2999999999997485	-458220.33392601466	4344.6305743940175	-453875.70335162064	301.958365196764	18.632367205874758	0.92764702093588	411	0:01
40.0%	2200	4.3999999999997375	-458271.8303388485	4419.8684841901995	-453851.9618546583	307.18751318848837	18.744583139069746	0.9220935884931549	412	0:01
40.9%	2250	4.499999999999726	-458322.7180192323	4498.927830229513	-453823.7901890028	312.68225675178576	18.649909107322536	0.9267744862481269	413	0:01
41.8%	2300	4.599999999999715	-458347.2918319618	4470.813019627705	-453876.47881233407	310.7282350917686	18.609638358745944	0.9287800008961512	412	0:01
42.7%	2350	4.699999999999704	-458184.12020843005	4331.422534583136	-453852.6976738469	301.04038654692135	18.45568600084537	0.9365276333115656	412	0:01
43.6%	2400	4.799999999999693	-458201.1506225639	4358.152399173006	-453842.9982233909	302.8981523742527	18.59532251528984	0.929495033888295	412	0:01
44.5%	2450	4.899999999999682	-458166.31881434453	4382.9414394747	-453783.37737486983	304.6210279918971	18.753721837695956	0.9216442517970405	412	0:01
45.5%	2500	4.999999999999671	-458184.90182215703	4427.478578373208	-453757.4232437838	307.7164261902147	18.753721837695956	0.9216442517970405	410	0:01
46.4%	2550	5.09999999999966	-458148.41382751585	4418.561333528021	-453729.8524939878	307.09666424972164	18.70224189554141	0.9241811772113615	408	0:01
47.3%	2600	5.199999999999649	-458167.51148376585	4455.744173788931	-453711.7673099769	309.6809276217858	18.70224189554141	0.9241811772113615	406	0:01
48.2%	2650	5.299999999999638	-458249.30991638853	4556.854628849775	-453692.45528753876	316.7082564571568	18.72826964258922	0.9228967897924566	405	0:01
49.1%	2700	5.399999999999627	-458220.8577077415	4443.643433126155	-453777.21427461534	308.83990792963135	18.87219977190285	0.9158582539617939	402	0:01
50.0%	2750	5.499999999999616	-458271.9494177284	4343.924716853537	-453928.02470087487	301.90930703512385	19.00333594197311	0.9095381981506184	403	0:01
50.9%	2800	5.599999999999605	-458205.56611694716	4309.579911016626	-453895.98620593053	299.5222913278194	19.00333594197311	0.9095381981506184	403	0:01
51.8%	2850	5.699999999999594	-458046.91814899596	4251.412873678841	-453795.5052753171	295.4795946699323	19.086486857025644	0.9055757647275383	403	0:01
52.7%	2900	5.799999999999583	-457991.2273941718	4289.333601644961	-453701.89379252685	298.1151423483026	19.137481709476692	0.9031627146091071	404	0:01
53.6%	2950	5.899999999999572	-458148.05466731265	4457.387854091823	-453690.6668132208	309.7951658771838	18.9793104262808	0.9106895637040351	405	0:01
54.5%	3000	5.999999999999561	-458019.4344359671	4422.2607654868625	-453597.17367048026	307.35378033987485	19.009289786666006	0.9092533243213056	403	0:01
55.5%	3050	6.09999999999955	-457908.98740112607	4352.065260357689	-453556.9221407684	302.4750870631922	18.898353473303775	0.9145907846378908	403	0:01
56.4%	3100	6.199999999999539	-457930.7121491901	4401.660775427474	-453529.0513737626	305.922050020141	18.955277814795068	0.9118441892749423	403	0:01
57.3%	3150	6.299999999999528	-458046.4125448173	4442.66923346417	-453603.74331135314	308.7721995865925	18.89462097600365	0.9147714555091782	402	0:01
58.2%	3200	6.399999999999517	-458004.1757461917	4298.005263422849	-453706.17048276885	298.71783589592496	19.038502721968804	0.9078581537595679	404	0:00
59.1%	3250	6.499999999999506	-458133.46894746536	4332.015314445132	-453801.4536330202	301.08158563968306	18.97041098020829	0.9111167886423581	404	0:00
60.0%	3300	6.599999999999495	-458204.368389727	4394.356268866919	-453810.0121208601	305.41437581819764	18.854226139061254	0.9167313367322159	404	0:00
60.9%	3350	6.699999999999484	-458114.4126176696	4377.956793132238	-453736.4558245374	304.2745875673591	18.84025760114366	0.9174110193941244	405	0:00
61.8%	3400	6.799999999999473	-458143.7712537865	4281.262311413884	-453862.50894237263	297.55417552696485	18.842364550725733	0.917308434670286	403	0:00
62.7%	3450	6.899999999999462	-458005.27067462076	4189.542887127493	-453815.72778749326	291.179537467394	18.845366185323456	0.9171623284759454	404	0:00
63.6%	3500	6.999999999999451	-458159.3560058923	4500.636240941007	-453658.71976495127	312.8009938680247	18.891761691758507	0.9149099069491932	401	0:00
64.5%	3550	7.09999999999944	-458064.1135091581	4452.775673119351	-453611.3378360387	309.4746123565583	18.903290210110015	0.9143519323566749	396	0:00
65.5%	3600	7.199999999999429	-457914.984208391	4400.95354308188	-453514.0306653091	305.87289630747586	18.835468856033373	0.9176442627270527	394	0:00
66.4%	3650	7.299999999999418	-458061.3254347194	4514.9750155787915	-453546.3504191406	313.7975602905114	18.74563228472166	0.9220419812459661	394	0:00
67.3%	3700	7.399999999999407	-458076.3259427346	4505.601286283694	-453570.7246564509	313.1460719935716	18.750338451371913	0.921810556984824	395	0:00
68.2%	3750	7.499999999999396	-457880.0427086417	4429.985337819904	-453450.05737082177	307.89064974536046	18.92024698773243	0.9135324682981111	396	0:00
69.1%	3800	7.599999999999385	-457753.9929039542	4402.763688119128	-453351.22921583505	305.99870411250265	18.92024698773243	0.9135324682981111	397	0:00
70.0%	3850	7.699999999999374	-457886.18966859544	4495.714662036393	-453390.47500655905	312.458936725357	19.03837589370618	0.9078642016532008	398	0:00
70.9%	3900	7.799999999999363	-458034.3317584392	4625.973376360722	-453408.35838207847	321.51211345845417	19.03837589370618	0.9078642016532008	398	0:00
71.8%	3950	7.899999999999352	-457946.6766323896	4512.845489474013	-453433.8311429156	313.64955502050475	19.125563555788805	0.9037255232294379	399	0:00
72.7%	4000	7.999999999999341	-457795.5537847373	4355.706444974989	-453439.8473397623	302.7281548754244	19.1746422385877	0.901412381855536	398	0:00
73.6%	4050	8.099999999999374	-457845.8809759437	4503.514896759763	-453342.36607918394	313.0010647808703	18.978298136411745	0.9107381392829708	398	0:00
74.5%	4100	8.199999999999408	-458035.4979514624	4639.273755192524	-453396.2241962699	322.43650980925526	19.10547819202911	0.9046755992071518	399	0:00
75.5%	4150	8.299999999999441	-457852.9119234266	4397.129921736894	-453455.7820016897	305.60714886803464	19.061289129710197	0.9067728742738973	398	0:00
76.4%	4200	8.399999999999475	-457891.6903888663	4458.867782902904	-453432.8226059634	309.8980231573943	19.14582532439989	0.9027691227019417	399	0:00
77.3%	4250	8.499999999999508	-457836.79610683676	4416.350569952745	-453420.445536884	306.94301285322285	19.1022209163318	0.904829862832107	398	0:00
78.2%	4300	8.599999999999541	-457762.1256960547	4380.337762440555	-453381.78793361416	304.4400685185268	18.963629190051407	0.9114426230492146	399	0:00
79.1%	4350	8.699999999999575	-457938.3251477659	4503.026265236549	-453435.2988825294	312.9671041544357	18.770367165026364	0.9208269491775193	399	0:00
80.0%	4400	8.799999999999608	-457928.04282343644	4496.338128646836	-453431.7046947896	312.50226859333065	18.648933439244672	0.9268229728966829	399	0:00
80.9%	4450	8.899999999999642	-458071.2876976123	4671.771295547951	-453399.51640206436	324.69513778477864	18.765799739444766	0.9210510701114679	400	0:00
81.8%	4500	8.999999999999675	-457995.009343648	4390.200991153717	-453604.80835249426	305.1255777618999	18.782109172225177	0.920251275989436	399	0:00
82.7%	4550	9.099999999999708	-457590.39237830945	4453.126872358262	-453137.2655059512	309.49902123234733	18.994488662561174	0.9099618441206584	399	0:00
83.6%	4600	9.199999999999742	-457520.02198357316	4397.743036640342	-453122.2789469328	305.64976127678904	18.98566681412513	0.9103846654811094	400	0:00
84.5%	4650	9.299999999999775	-457596.0722854871	4481.6506781205535	-453114.42160736653	311.4814686717071	18.81407086864347	0.9186879358640014	400	0:00
85.5%	4700	9.399999999999809	-457623.47286209965	4488.3728893129155	-453135.09997278673	311.9486724689911	18.72449234517895	0.923082966036371	401	0:00
86.4%	4750	9.499999999999842	-457579.45859070827	4409.367246854119	-453170.09134385415	306.4576613853835	18.576627095088753	0.9304304728215534	401	0:00
87.3%	4800	9.599999999999875	-457667.9099249904	4438.211135664955	-453229.6987893254	308.46235507846046	18.605070763909822	0.9290080188805931	402	0:00
88.2%	4850	9.699999999999909	-457669.1069477837	4531.800186786801	-453137.3067609969	314.96693501757545	18.552132307329334	0.9316589406105448	403	0:00
89.1%	4900	9.799999999999942	-457650.92709759815	4554.447899723891	-453096.47919787426	316.5409851598901	18.636448471705748	0.9274438720314354	403	0:00
90.0%	4950	9.899999999999975	-457597.0387985812	4443.938246454112	-453153.1005521271	308.8603978997275	18.669378973730208	0.9258079744288168	404	0:00
90.9%	5000	10.000000000000009	-457687.490107762	4574.142738090828	-453113.34736967116	317.90980607441037	18.634860470355836	0.9275229057394204	404	0:00
91.8%	5050	10.100000000000042	718133.659308373	4603.650017801672	722737.3093261747	319.96060643368673	18.790674869201816	0.9198317810203962	404	0:00
92.7%	5100	10.200000000000076	718195.3668279042	4476.543660104275	722671.9104880085	311.1265232316242	18.790674869201816	0.9198317810203962	404	0:00
93.6%	5150	10.300000000000109	718310.0292048944	4512.311065038666	722822.3402699331	313.61241171774157	18.84857096832956	0.9170063852880466	404	0:00
94.5%	5200	10.400000000000142	718475.1869394206	4332.276055613533	722807.4629950342	301.09970754339884	18.84909050472333	0.9169811098939709	404	0:00
95.5%	5250	10.500000000000176	718288.5275308086	4514.8302472924115	722803.357778101	313.7874986766782	18.879842633928106	0.9154874999038576	404	0:00
96.4%	5300	10.60000000000021	718382.9072829477	4432.0917996596545	722814.9990826073	308.03705201422747	18.988049537303272	0.9102704254882547	404	0:00
97.3%	5350	10.700000000000243	718406.824944175	4445.280352027621	722852.1052962026	308.9536762574518	18.93711935147549	0.9127185402761059	404	0:00
98.2%	5400	10.800000000000276	718374.4286203991	4458.4114201059565	722832.840040505	309.86630525601163	19.067273606459565	0.906488273481196	403	0:00
99.1%	5450	10.90000000000031	718355.8799572792	4393.4305110441055	722749.3104683233	305.3500342559041	18.944033561575832	0.9123854154571789	403	0:00
100.0%	5500	11.000000000000343	718340.8298273045	4443.498477082001	722784.3283043865	308.82983326635014	19.13855544376793	0.9031120442865693	403	0:00
